0 verbose cli C:\Program Files\nodejs\node.exe C:\Users\Dell M4700\AppData\Roaming\npm\node_modules\npm\bin\npm-cli.js
1 info using npm@8.7.0
2 info using node@v16.13.1
3 timing npm:load:whichnode Completed in 1ms
4 timing config:load:defaults Completed in 5ms
5 timing config:load:file:C:\Users\Dell M4700\AppData\Roaming\npm\node_modules\npm\npmrc Completed in 7ms
6 timing config:load:builtin Completed in 7ms
7 timing config:load:cli Completed in 5ms
8 timing config:load:env Completed in 2ms
9 timing config:load:file:D:\Geani\React\X0\my-app\.npmrc Completed in 1ms
10 timing config:load:project Completed in 6ms
11 timing config:load:file:C:\Users\Dell M4700\.npmrc Completed in 2ms
12 timing config:load:user Completed in 4ms
13 timing config:load:file:C:\Users\Dell M4700\AppData\Roaming\npm\etc\npmrc Completed in 1ms
14 timing config:load:global Completed in 2ms
15 timing config:load:validate Completed in 1ms
16 timing config:load:credentials Completed in 2ms
17 timing config:load:setEnvs Completed in 3ms
18 timing config:load Completed in 40ms
19 timing npm:load:configload Completed in 42ms
20 timing npm:load:mkdirpcache Completed in 2ms
21 timing npm:load:mkdirplogs Completed in 1ms
22 verbose title npm run start
23 verbose argv "run" "start"
24 timing npm:load:setTitle Completed in 4ms
25 timing config:load:flatten Completed in 9ms
26 timing npm:load:display Completed in 13ms
27 verbose logfile logs-max:10 dir:D:\Geani\React\X0\my-app\_logs
28 verbose logfile D:\Geani\React\X0\my-app\_logs\2022-05-11T07_08_17_105Z-debug-0.log
29 timing npm:load:logFile Completed in 18ms
30 timing npm:load:timers Completed in 0ms
31 timing npm:load:configScope Completed in 0ms
32 timing npm:load Completed in 83ms
33 silly logfile done cleaning log files
