0 verbose cli C:\Program Files\nodejs\node.exe C:\Users\Dell M4700\AppData\Roaming\npm\node_modules\npm\bin\npm-cli.js
1 info using npm@8.7.0
2 info using node@v16.13.1
3 timing npm:load:whichnode Completed in 1ms
4 timing config:load:defaults Completed in 3ms
5 timing config:load:file:C:\Users\Dell M4700\AppData\Roaming\npm\node_modules\npm\npmrc Completed in 7ms
6 timing config:load:builtin Completed in 7ms
7 timing config:load:cli Completed in 3ms
8 timing config:load:env Completed in 1ms
9 timing config:load:file:d:\Geani\React\X0\my-app\.npmrc Completed in 1ms
10 timing config:load:project Completed in 7ms
11 timing config:load:file:C:\Users\Dell M4700\.npmrc Completed in 2ms
12 timing config:load:user Completed in 2ms
13 timing config:load:file:C:\Users\Dell M4700\AppData\Roaming\npm\etc\npmrc Completed in 0ms
14 timing config:load:global Completed in 1ms
15 timing config:load:validate Completed in 0ms
16 timing config:load:credentials Completed in 2ms
17 timing config:load:setEnvs Completed in 3ms
18 timing config:load Completed in 32ms
19 timing npm:load:configload Completed in 33ms
20 timing npm:load:mkdirpcache Completed in 1ms
21 timing npm:load:mkdirplogs Completed in 1ms
22 verbose title npm view web-vitals description dist-tags.latest homepage version
23 verbose argv "view" "--json" "web-vitals" "description" "dist-tags.latest" "homepage" "version"
24 timing npm:load:setTitle Completed in 5ms
25 timing config:load:flatten Completed in 8ms
26 timing npm:load:display Completed in 10ms
27 verbose logfile logs-max:10 dir:d:\Geani\React\X0\my-app\_logs
28 verbose logfile d:\Geani\React\X0\my-app\_logs\2022-05-11T09_55_36_987Z-debug-0.log
29 timing npm:load:logFile Completed in 38ms
30 timing npm:load:timers Completed in 1ms
31 timing npm:load:configScope Completed in 0ms
32 timing npm:load Completed in 92ms
33 silly logfile done cleaning log files
34 http fetch GET 200 https://registry.npmjs.org/web-vitals 382ms (cache miss)
35 timing command:view Completed in 399ms
36 verbose exit 0
37 timing npm Completed in 542ms
38 info ok
