0 verbose cli C:\Program Files\nodejs\node.exe C:\Users\Dell M4700\AppData\Roaming\npm\node_modules\npm\bin\npm-cli.js
1 info using npm@8.7.0
2 info using node@v16.13.1
3 timing npm:load:whichnode Completed in 0ms
4 timing config:load:defaults Completed in 2ms
5 timing config:load:file:C:\Users\Dell M4700\AppData\Roaming\npm\node_modules\npm\npmrc Completed in 4ms
6 timing config:load:builtin Completed in 4ms
7 timing config:load:cli Completed in 2ms
8 timing config:load:env Completed in 1ms
9 timing config:load:file:D:\Geani\React\X0\my-app\.npmrc Completed in 0ms
10 timing config:load:project Completed in 4ms
11 timing config:load:file:C:\Users\Dell M4700\.npmrc Completed in 1ms
12 timing config:load:user Completed in 1ms
13 timing config:load:file:C:\Users\Dell M4700\AppData\Roaming\npm\etc\npmrc Completed in 1ms
14 timing config:load:global Completed in 1ms
15 timing config:load:validate Completed in 1ms
16 timing config:load:credentials Completed in 2ms
17 timing config:load:setEnvs Completed in 1ms
18 timing config:load Completed in 22ms
19 timing npm:load:configload Completed in 23ms
20 timing npm:load:mkdirpcache Completed in 1ms
21 timing npm:load:mkdirplogs Completed in 1ms
22 verbose title npm exec serve
23 verbose argv "exec" "--" "serve"
24 timing npm:load:setTitle Completed in 2ms
25 timing config:load:flatten Completed in 8ms
26 timing npm:load:display Completed in 12ms
27 verbose logfile logs-max:10 dir:D:\Geani\React\X0\my-app\_logs
28 verbose logfile D:\Geani\React\X0\my-app\_logs\2022-05-11T09_37_03_535Z-debug-0.log
29 timing npm:load:logFile Completed in 16ms
30 timing npm:load:timers Completed in 0ms
31 timing npm:load:configScope Completed in 1ms
32 timing npm:load Completed in 56ms
33 silly logfile done cleaning log files
34 http fetch GET 200 https://registry.npmjs.org/serve 481ms (cache miss)
35 timing arborist:ctor Completed in 1ms
36 timing arborist:ctor Completed in 0ms
37 timing arborist:ctor Completed in 0ms
38 timing command:exec Completed in 9421ms
39 verbose stack Error: canceled
39 verbose stack     at exec (C:\Users\Dell M4700\AppData\Roaming\npm\node_modules\npm\node_modules\libnpmexec\lib\index.js:174:19)
39 verbose stack     at processTicksAndRejections (node:internal/process/task_queues:96:5)
39 verbose stack     at async module.exports (C:\Users\Dell M4700\AppData\Roaming\npm\node_modules\npm\lib\cli.js:78:5)
40 verbose cwd D:\Geani\React\X0\my-app
41 verbose Windows_NT 10.0.19044
42 verbose node v16.13.1
43 verbose npm  v8.7.0
44 error canceled
45 verbose exit 1
46 timing npm Completed in 9763ms
47 verbose code 1
48 error A complete log of this run can be found in:
48 error     D:\Geani\React\X0\my-app\_logs\2022-05-11T09_37_03_535Z-debug-0.log
